16:15:03.728 [main] DEBUG pkg.snake.Model.Snake - Snake object created with these parameters: 'x':26, 'y':26, 'len':4
16:15:03.736 [main] INFO  pkg.snake.Control.DBConnection - Creating the DBconnection object.
16:15:03.738 [main] DEBUG pkg.snake.Model.Snake - Snake object created with these parameters: 'x':26, 'y':26, 'len':4
16:15:03.738 [main] INFO  pkg.snake.Control.DBConnection - Creating the DBconnection object.
16:15:04.461 [main] INFO  pkg.snake.Control.DBConnection - Connected to the Database.
16:15:04.631 [main] INFO  pkg.snake.Control.DBConnection - Statement executed.
16:15:04.632 [main] INFO  pkg.snake.Control.DBConnection - Statement created. Executing the query.
16:15:04.703 [main] INFO  pkg.snake.Model.Eredmeny - Creating 'Eredmeny' object.
16:15:04.703 [main] INFO  pkg.snake.Model.Eredmeny - Creating 'Eredmeny' object.
16:15:04.704 [main] INFO  pkg.snake.Model.Eredmeny - Creating 'Eredmeny' object.
16:15:04.704 [main] INFO  pkg.snake.Model.Eredmeny - Creating 'Eredmeny' object.
16:15:04.704 [main] INFO  pkg.snake.Model.Eredmeny - Creating 'Eredmeny' object.
16:15:04.705 [main] INFO  pkg.snake.Model.Eredmeny - Creating 'Eredmeny' object.
16:15:04.705 [main] INFO  pkg.snake.Model.Eredmeny - Creating 'Eredmeny' object.
16:15:04.705 [main] INFO  pkg.snake.Model.Eredmeny - Creating 'Eredmeny' object.
16:15:04.705 [main] INFO  pkg.snake.Model.Eredmeny - Creating 'Eredmeny' object.
16:15:04.705 [main] INFO  pkg.snake.Model.Eredmeny - Creating 'Eredmeny' object.
16:15:04.721 [main] INFO  pkg.snake.Model.Eredmeny - Creating 'Eredmeny' object.
16:15:04.721 [main] INFO  pkg.snake.Model.Eredmeny - Creating 'Eredmeny' object.
16:15:04.721 [main] INFO  pkg.snake.Model.Eredmeny - Creating 'Eredmeny' object.
16:15:04.721 [main] INFO  pkg.snake.Model.Eredmeny - Creating 'Eredmeny' object.
16:15:04.721 [main] INFO  pkg.snake.Model.Eredmeny - Creating 'Eredmeny' object.
16:15:04.722 [main] INFO  pkg.snake.Model.Eredmeny - Creating 'Eredmeny' object.
16:15:04.722 [main] INFO  pkg.snake.Model.Eredmeny - Creating 'Eredmeny' object.
16:15:04.722 [main] INFO  pkg.snake.Model.Eredmeny - Creating 'Eredmeny' object.
16:15:04.722 [main] INFO  pkg.snake.Model.Eredmeny - Creating 'Eredmeny' object.
16:15:04.722 [main] INFO  pkg.snake.Model.Eredmeny - Creating 'Eredmeny' object.
16:15:04.738 [main] INFO  pkg.snake.Model.Eredmeny - Creating 'Eredmeny' object.
16:15:04.739 [main] INFO  pkg.snake.Model.Eredmeny - Creating 'Eredmeny' object.
16:15:04.809 [main] INFO  pkg.snake.Control.DBConnection - Connection closed.
16:15:04.810 [main] DEBUG pkg.snake.Model.Snake - Snake object created with these parameters: 'x':26, 'y':26, 'len':4
16:15:04.810 [main] INFO  pkg.snake.Control.DBConnection - Creating the DBconnection object.
16:15:04.812 [main] DEBUG pkg.snake.View.Main - The new food is created at this position: 'x':36, 'y':45.
16:15:04.813 [main] DEBUG pkg.snake.View.Main - The amountOfFood method returns: 1
16:15:04.814 [main] DEBUG pkg.snake.Model.Snake - Snake object created with these parameters: 'x':26, 'y':26, 'len':4
16:15:04.814 [main] INFO  pkg.snake.Control.DBConnection - Creating the DBconnection object.
16:15:04.815 [main] DEBUG pkg.snake.Model.Snake - Snake object created with these parameters: 'x':26, 'y':26, 'len':4
16:15:04.816 [main] INFO  pkg.snake.Control.DBConnection - Creating the DBconnection object.
16:15:04.818 [main] INFO  pkg.snake.View.Main - Board initialized.
16:15:04.822 [main] DEBUG pkg.snake.View.Main - The new food is created at this position: 'x':33, 'y':26.
16:15:04.823 [main] DEBUG pkg.snake.View.Main - The amountOfFood method returns: 1
16:15:04.824 [main] DEBUG pkg.snake.Model.Snake - Snake object created with these parameters: 'x':26, 'y':26, 'len':4
16:15:04.825 [main] INFO  pkg.snake.Control.DBConnection - Creating the DBconnection object.
16:15:04.826 [main] DEBUG pkg.snake.Model.Snake - Snake object created with these parameters: 'x':26, 'y':26, 'len':4
16:15:04.827 [main] INFO  pkg.snake.Control.DBConnection - Creating the DBconnection object.
16:15:05.065 [main] INFO  pkg.snake.Control.DBConnection - Connected to the Database.
16:15:05.098 [main] INFO  pkg.snake.Control.DBConnection - Connection closed.
16:15:05.099 [main] DEBUG pkg.snake.Model.Snake - Snake object created with these parameters: 'x':26, 'y':26, 'len':4
16:15:05.100 [main] INFO  pkg.snake.Control.DBConnection - Creating the DBconnection object.
16:15:05.100 [main] DEBUG pkg.snake.View.Main - The new food is created at this position: 'x':10, 'y':1.
16:15:05.101 [main] DEBUG pkg.snake.Model.Snake - Snake object created with these parameters: 'x':26, 'y':26, 'len':4
16:15:05.102 [main] INFO  pkg.snake.Control.DBConnection - Creating the DBconnection object.
16:15:05.333 [main] INFO  pkg.snake.Control.DBConnection - Connected to the Database.
16:15:05.336 [main] DEBUG pkg.snake.Model.Snake - Snake object created with these parameters: 'x':26, 'y':26, 'len':4
16:15:05.337 [main] INFO  pkg.snake.Control.DBConnection - Creating the DBconnection object.
16:15:05.338 [main] DEBUG pkg.snake.View.Main - The amountOfFood method returns: 0
16:15:05.340 [main] DEBUG pkg.snake.Model.Snake - Snake object created with these parameters: 'x':26, 'y':26, 'len':4
16:15:05.340 [main] INFO  pkg.snake.Control.DBConnection - Creating the DBconnection object.
16:15:05.341 [main] INFO  pkg.snake.Model.Eredmeny - Creating 'Eredmeny' object.
16:15:05.341 [main] INFO  pkg.snake.Model.Eredmeny - Creating 'Eredmeny' object.
16:15:05.341 [main] INFO  pkg.snake.Model.Eredmeny - Creating 'Eredmeny' object.
16:15:05.342 [main] INFO  pkg.snake.Model.Eredmeny - Creating 'Eredmeny' object.
16:15:05.344 [main] DEBUG pkg.snake.Model.Snake - Snake object created with these parameters: 'x':26, 'y':26, 'len':4
16:15:05.344 [main] INFO  pkg.snake.Control.DBConnection - Creating the DBconnection object.
16:15:05.344 [main] DEBUG pkg.snake.Model.Snake - Snake object created with these parameters: 'x':0, 'y':0
16:15:05.345 [main] DEBUG pkg.snake.Model.Snake - Snake object created with these parameters: 'x':0, 'y':0, 'len':1
16:15:05.345 [main] INFO  pkg.snake.Model.Snake - 'eat()' started.
16:15:05.345 [main] DEBUG pkg.snake.Model.Snake - New body added at 'x':22, 'y':26
16:15:05.345 [main] DEBUG pkg.snake.Model.Snake - 'len' value: 5
16:15:05.346 [main] DEBUG pkg.snake.Model.Snake - Snake object created with these parameters: 'x':26, 'y':26, 'len':1
16:15:05.346 [main] INFO  pkg.snake.Model.Snake - 'eat()' started.
16:15:05.346 [main] DEBUG pkg.snake.Model.Snake - 'len' value: 2
16:15:05.347 [main] INFO  pkg.snake.Model.Snake - Getting rid of the old snake, and creating a new one.
16:15:05.347 [main] INFO  pkg.snake.Model.Snake - New snake created. Returning to Main..
16:15:05.347 [main] INFO  pkg.snake.Model.Snake - Getting rid of the old snake, and creating a new one.
16:15:05.347 [main] INFO  pkg.snake.Model.Snake - New snake created. Returning to Main..
16:15:05.348 [main] INFO  pkg.snake.Model.Snake - Getting rid of the old snake, and creating a new one.
16:15:05.348 [main] INFO  pkg.snake.Model.Snake - New snake created. Returning to Main..
16:15:05.348 [main] INFO  pkg.snake.Model.Snake - Getting rid of the old snake, and creating a new one.
16:15:05.348 [main] INFO  pkg.snake.Model.Snake - New snake created. Returning to Main..
